TN:
SF:src/UniswapV2Factory.sol
FN:18,UniswapV2Factory.allPairsLength
FN:22,UniswapV2Factory.createPair
FN:47,UniswapV2Factory.setFeeTo
FN:52,UniswapV2Factory.setFeeToSetter
FNDA:1,UniswapV2Factory.allPairsLength
FNDA:1,UniswapV2Factory.setFeeTo
FNDA:1,UniswapV2Factory.setFeeToSetter
FNDA:5,UniswapV2Factory.createPair
FNF:4
FNH:4
DA:19,1
DA:26,5
DA:27,4
DA:30,4
DA:31,3
DA:35,2
DA:36,2
DA:38,2
DA:40,2
DA:41,2
DA:42,2
DA:43,2
DA:44,2
DA:48,1
DA:49,1
DA:53,1
DA:54,1
LF:17
LH:17
end_of_record
TN:
SF:src/UniswapV2Pair.sol
FN:40,UniswapV2Pair.getReserves
FN:54,UniswapV2Pair._safeTransfer
FN:69,UniswapV2Pair.initialize
FN:76,UniswapV2Pair._update
FN:104,UniswapV2Pair._mintFee
FN:127,UniswapV2Pair.mint
FN:154,UniswapV2Pair.burn
FN:184,UniswapV2Pair.swap
FN:247,UniswapV2Pair.skim
FN:263,UniswapV2Pair.sync
FNDA:9,UniswapV2Pair._update
FNDA:2,UniswapV2Pair.swap
FNDA:2,UniswapV2Pair.initialize
FNDA:5,UniswapV2Pair._safeTransfer
FNDA:6,UniswapV2Pair.mint
FNDA:6,UniswapV2Pair.getReserves
FNDA:1,UniswapV2Pair.burn
FNDA:1,UniswapV2Pair.skim
FNDA:7,UniswapV2Pair._mintFee
FNDA:1,UniswapV2Pair.sync
FNF:10
FNH:10
DA:49,14
DA:50,14
DA:51,14
DA:55,5
DA:58,5
DA:70,2
DA:71,2
DA:72,2
DA:82,9
DA:86,9
DA:87,9
DA:88,9
DA:90,1
DA:93,1
DA:97,9
DA:98,9
DA:99,9
DA:100,9
DA:108,7
DA:109,7
DA:110,7
DA:111,7
DA:112,7
DA:113,2
DA:114,2
DA:115,0
DA:118,0
DA:121,0
DA:122,0
DA:128,6
DA:129,6
DA:130,6
DA:131,6
DA:132,6
DA:134,6
DA:135,6
DA:136,6
DA:137,5
DA:138,5
DA:140,1
DA:145,6
DA:146,6
DA:148,6
DA:149,6
DA:150,6
DA:157,1
DA:158,1
DA:159,1
DA:160,1
DA:161,1
DA:162,1
DA:164,1
DA:165,1
DA:166,1
DA:167,1
DA:168,1
DA:172,1
DA:173,1
DA:174,1
DA:175,1
DA:176,1
DA:178,1
DA:179,1
DA:180,1
DA:190,2
DA:194,1
DA:195,1
DA:200,1
DA:201,1
DA:204,1
DA:205,1
DA:206,1
DA:207,1
DA:208,1
DA:209,1
DA:217,1
DA:218,1
DA:220,1
DA:223,1
DA:227,1
DA:233,1
DA:234,1
DA:235,1
DA:242,1
DA:243,1
DA:248,1
DA:249,1
DA:250,1
DA:255,1
DA:264,1
LF:90
LH:86
end_of_record
TN:
SF:src/UniswapV2Router02.sol
FN:33,UniswapV2Router02._addLiquidity
FN:80,UniswapV2Router02.addLiquidity
FN:110,UniswapV2Router02.addLiquidityETH
FN:144,UniswapV2Router02.removeLiquidity
FN:176,UniswapV2Router02.removeLiquidityETH
FN:204,UniswapV2Router02.removeLiquidityWithPermit
FN:239,UniswapV2Router02.removeLiquidityETHWithPermit
FN:273,UniswapV2Router02.removeLiquidityETHSupportingFeeOnTransferTokens
FN:299,UniswapV2Router02.removeLiquidityETHWithPermitSupportingFeeOnTransferTokens
FN:334,UniswapV2Router02._swap
FN:354,UniswapV2Router02.swapExactTokensForTokens
FN:381,UniswapV2Router02.swapTokensForExactTokens
FN:408,UniswapV2Router02.swapExactETHForTokens
FN:437,UniswapV2Router02.swapTokensForExactETH
FN:467,UniswapV2Router02.swapExactTokensForETH
FN:497,UniswapV2Router02.swapETHForExactTokens
FN:531,UniswapV2Router02._swapSupportingFeeOnTransferTokens
FN:568,UniswapV2Router02.swapExactTokensForTokensSupportingFeeOnTransferTokens
FN:590,UniswapV2Router02.swapExactETHForTokensSupportingFeeOnTransferTokens
FN:614,UniswapV2Router02.swapExactTokensForETHSupportingFeeOnTransferTokens
FNDA:0,UniswapV2Router02.removeLiquidityETHSupportingFeeOnTransferTokens
FNDA:0,UniswapV2Router02.swapExactETHForTokens
FNDA:0,UniswapV2Router02._swap
FNDA:0,UniswapV2Router02.swapExactTokensForTokensSupportingFeeOnTransferTokens
FNDA:0,UniswapV2Router02.swapExactTokensForETHSupportingFeeOnTransferTokens
FNDA:0,UniswapV2Router02.swapTokensForExactETH
FNDA:0,UniswapV2Router02.removeLiquidityETH
FNDA:0,UniswapV2Router02.swapExactTokensForTokens
FNDA:0,UniswapV2Router02.removeLiquidityETHWithPermitSupportingFeeOnTransferTokens
FNDA:0,UniswapV2Router02.removeLiquidityETHWithPermit
FNDA:0,UniswapV2Router02.swapExactETHForTokensSupportingFeeOnTransferTokens
FNDA:0,UniswapV2Router02.removeLiquidityWithPermit
FNDA:0,UniswapV2Router02._swapSupportingFeeOnTransferTokens
FNDA:0,UniswapV2Router02.addLiquidity
FNDA:0,UniswapV2Router02.swapExactTokensForETH
FNDA:0,UniswapV2Router02.swapETHForExactTokens
FNDA:0,UniswapV2Router02.swapTokensForExactTokens
FNDA:0,UniswapV2Router02.removeLiquidity
FNDA:0,UniswapV2Router02._addLiquidity
FNDA:0,UniswapV2Router02.addLiquidityETH
FNF:20
FNH:0
DA:42,0
DA:43,0
DA:45,0
DA:50,0
DA:51,0
DA:53,0
DA:58,0
DA:59,0
DA:63,0
DA:65,0
DA:70,0
DA:71,0
DA:75,0
DA:96,0
DA:104,0
DA:105,0
DA:106,0
DA:107,0
DA:125,0
DA:133,0
DA:134,0
DA:135,0
DA:136,0
DA:137,0
DA:139,0
DA:140,0
DA:159,0
DA:160,0
DA:161,0
DA:162,0
DA:163,0
DA:166,0
DA:170,0
DA:190,0
DA:199,0
DA:200,0
DA:201,0
DA:217,0
DA:218,0
DA:219,0
DA:228,0
DA:251,0
DA:252,0
DA:253,0
DA:262,0
DA:281,0
DA:290,0
DA:295,0
DA:296,0
DA:311,0
DA:312,0
DA:313,0
DA:322,0
DA:339,0
DA:340,0
DA:341,0
DA:342,0
DA:343,0
DA:346,0
DA:349,0
DA:367,0
DA:368,0
DA:372,0
DA:378,0
DA:394,0
DA:395,0
DA:399,0
DA:405,0
DA:421,0
DA:422,0
DA:423,0
DA:427,0
DA:428,0
DA:434,0
DA:450,0
DA:451,0
DA:452,0
DA:456,0
DA:462,0
DA:463,0
DA:464,0
DA:480,0
DA:481,0
DA:482,0
DA:486,0
DA:492,0
DA:493,0
DA:494,0
DA:510,0
DA:511,0
DA:512,0
DA:516,0
DA:517,0
DA:523,0
DA:525,0
DA:526,0
DA:535,0
DA:536,0
DA:537,0
DA:538,0
DA:541,0
DA:542,0
DA:545,0
DA:546,0
DA:549,0
DA:552,0
DA:558,0
DA:561,0
DA:564,0
DA:575,0
DA:581,0
DA:582,0
DA:583,0
DA:596,0
DA:597,0
DA:598,0
DA:599,0
DA:605,0
DA:606,0
DA:607,0
DA:621,0
DA:622,0
DA:628,0
DA:629,0
DA:630,0
DA:634,0
DA:635,0
LF:127
LH:0
end_of_record
