TN:
SF:src/ERC20.sol
FN:73,ERC20.approve
FNDA:0,ERC20.approve
DA:77,0
DA:79,0
DA:81,0
FN:84,ERC20.transfer
FNDA:18,ERC20.transfer
DA:88,18
DA:93,18
DA:96,18
DA:98,18
FN:101,ERC20.transferFrom
FNDA:0,ERC20.transferFrom
DA:106,0
DA:108,0
BRDA:108,0,0,-
BRDA:108,0,1,-
DA:109,0
DA:111,0
DA:116,0
DA:119,0
DA:121,0
FN:128,ERC20.permit
FNDA:0,ERC20.permit
DA:137,0
BRDA:137,1,0,-
BRDA:137,1,1,-
DA:142,0
DA:159,0
DA:161,0
BRDA:161,2,0,-
BRDA:161,2,1,-
DA:166,0
DA:169,0
FN:172,ERC20.DOMAIN_SEPARATOR
FNDA:0,ERC20.DOMAIN_SEPARATOR
DA:173,0
FN:179,ERC20.computeDomainSeparator
FNDA:0,ERC20.computeDomainSeparator
DA:180,0
FN:198,ERC20._mint
FNDA:0,ERC20._mint
DA:199,0
DA:204,0
DA:207,0
FN:210,ERC20._burn
FNDA:0,ERC20._burn
DA:211,0
DA:216,0
DA:219,0
FNF:8
FNH:1
LF:28
LH:4
BRF:6
BRH:0
end_of_record
TN:
SF:src/ERC20Mock.sol
FN:12,ERC20Mock.mint
FNDA:0,ERC20Mock.mint
DA:13,0
FNF:1
FNH:0
LF:1
LH:0
BRF:0
BRH:0
end_of_record
TN:
SF:src/UniswapV2ERC20.sol
FN:38,UniswapV2ERC20._mint
FNDA:16,UniswapV2ERC20._mint
DA:39,35
DA:40,35
DA:41,35
FN:44,UniswapV2ERC20._burn
FNDA:3,UniswapV2ERC20._burn
DA:45,3
DA:46,3
DA:47,3
FN:50,UniswapV2ERC20._approve
FNDA:10,UniswapV2ERC20._approve
DA:51,10
DA:52,10
FN:55,UniswapV2ERC20._transfer
FNDA:17,UniswapV2ERC20._transfer
DA:56,17
DA:57,17
DA:58,17
FN:61,UniswapV2ERC20.approve
FNDA:10,UniswapV2ERC20.approve
DA:62,10
DA:63,10
FN:66,UniswapV2ERC20.transfer
FNDA:7,UniswapV2ERC20.transfer
DA:67,7
DA:68,7
FN:71,UniswapV2ERC20.transferFrom
FNDA:10,UniswapV2ERC20.transferFrom
DA:76,10
BRDA:76,0,0,10
BRDA:76,0,1,10
DA:77,10
DA:81,10
DA:82,10
FN:85,UniswapV2ERC20.permit
FNDA:0,UniswapV2ERC20.permit
DA:94,0
BRDA:94,1,0,-
BRDA:94,1,1,-
DA:95,0
DA:111,0
DA:112,0
BRDA:112,2,0,-
BRDA:112,2,1,-
DA:116,0
FNF:8
FNH:7
LF:24
LH:19
BRF:6
BRH:2
end_of_record
TN:
SF:src/UniswapV2Factory.sol
FN:18,UniswapV2Factory.allPairsLength
FNDA:1,UniswapV2Factory.allPairsLength
DA:19,1
FN:22,UniswapV2Factory.createPair
FNDA:5,UniswapV2Factory.createPair
DA:26,5
BRDA:26,0,0,1
BRDA:26,0,1,4
DA:27,4
DA:30,4
BRDA:30,1,0,1
BRDA:30,1,1,3
DA:31,3
BRDA:31,2,0,1
BRDA:31,2,1,2
DA:35,2
DA:36,2
DA:38,2
DA:40,2
DA:41,2
DA:42,2
DA:43,2
DA:44,2
FN:47,UniswapV2Factory.setFeeTo
FNDA:1,UniswapV2Factory.setFeeTo
DA:48,1
BRDA:48,3,0,-
BRDA:48,3,1,1
DA:49,1
FN:52,UniswapV2Factory.setFeeToSetter
FNDA:1,UniswapV2Factory.setFeeToSetter
DA:53,1
BRDA:53,4,0,-
BRDA:53,4,1,1
DA:54,1
FNF:4
FNH:4
LF:17
LH:17
BRF:10
BRH:8
end_of_record
TN:
SF:src/UniswapV2Pair.sol
FN:40,UniswapV2Pair.getReserves
FNDA:10,UniswapV2Pair.getReserves
DA:49,24
DA:50,24
DA:51,24
FN:54,UniswapV2Pair._safeTransfer
FNDA:9,UniswapV2Pair._safeTransfer
DA:55,9
DA:58,9
BRDA:58,0,0,-
BRDA:58,0,1,9
FN:69,UniswapV2Pair.initialize
FNDA:2,UniswapV2Pair.initialize
DA:70,2
BRDA:70,1,0,-
BRDA:70,1,1,2
DA:71,2
DA:72,2
FN:76,UniswapV2Pair._update
FNDA:15,UniswapV2Pair._update
DA:82,15
BRDA:82,2,0,-
BRDA:82,2,1,15
DA:86,15
DA:87,15
DA:88,15
BRDA:88,3,0,1
BRDA:88,3,1,15
DA:90,1
DA:93,1
DA:97,15
DA:98,15
DA:99,15
DA:100,15
FN:104,UniswapV2Pair._mintFee
FNDA:13,UniswapV2Pair._mintFee
DA:108,13
DA:109,13
DA:110,13
DA:111,13
BRDA:111,4,0,-
BRDA:111,4,1,-
DA:112,7
BRDA:112,5,0,-
BRDA:112,5,1,-
DA:113,2
DA:114,2
BRDA:114,6,0,-
BRDA:114,6,1,-
DA:115,0
DA:118,0
BRDA:118,7,0,-
BRDA:118,7,1,-
DA:121,6
BRDA:121,8,0,-
BRDA:121,8,1,6
DA:122,0
FN:127,UniswapV2Pair.mint
FNDA:10,UniswapV2Pair.mint
DA:128,10
DA:129,10
DA:130,10
DA:131,10
DA:132,10
DA:134,10
DA:135,10
DA:136,10
BRDA:136,9,0,9
BRDA:136,9,1,1
DA:137,9
DA:138,9
DA:140,1
DA:145,10
BRDA:145,10,0,-
BRDA:145,10,1,10
DA:146,10
DA:148,10
DA:149,10
BRDA:149,11,0,6
BRDA:149,11,1,10
DA:150,10
FN:154,UniswapV2Pair.burn
FNDA:3,UniswapV2Pair.burn
DA:157,3
DA:158,3
DA:159,3
DA:160,3
DA:161,3
DA:162,3
DA:164,3
DA:165,3
DA:166,3
DA:167,3
DA:168,3
BRDA:168,12,0,-
BRDA:168,12,1,3
DA:172,3
DA:173,3
DA:174,3
DA:175,3
DA:176,3
DA:178,3
DA:179,3
BRDA:179,13,0,1
BRDA:179,13,1,3
DA:180,3
FN:184,UniswapV2Pair.swap
FNDA:2,UniswapV2Pair.swap
DA:190,2
BRDA:190,14,0,1
BRDA:190,14,1,1
DA:194,1
DA:195,1
BRDA:195,15,0,-
BRDA:195,15,1,1
DA:200,1
DA:201,1
DA:204,1
DA:205,1
DA:206,1
BRDA:206,16,0,-
BRDA:206,16,1,1
DA:207,1
BRDA:207,17,0,-
BRDA:207,17,1,1
DA:208,1
BRDA:208,18,0,1
BRDA:208,18,1,1
DA:209,1
BRDA:209,19,0,-
BRDA:209,19,1,-
DA:217,1
DA:218,1
DA:220,1
DA:223,1
DA:227,1
BRDA:227,20,0,-
BRDA:227,20,1,1
DA:233,1
DA:234,1
DA:235,1
BRDA:235,21,0,-
BRDA:235,21,1,1
DA:242,1
DA:243,1
FN:247,UniswapV2Pair.skim
FNDA:1,UniswapV2Pair.skim
DA:248,1
DA:249,1
DA:250,1
DA:255,1
FN:263,UniswapV2Pair.sync
FNDA:1,UniswapV2Pair.sync
DA:264,1
FNF:10
FNH:10
LF:90
LH:87
BRF:44
BRH:23
end_of_record
TN:
SF:src/UniswapV2Router02.sol
FN:32,UniswapV2Router02._pairFor
FNDA:10,UniswapV2Router02._pairFor
DA:37,10
FN:41,UniswapV2Router02._addLiquidity
FNDA:4,UniswapV2Router02._addLiquidity
DA:50,4
BRDA:50,0,0,-
BRDA:50,0,1,-
DA:51,0
DA:53,4
DA:57,4
BRDA:57,1,0,4
BRDA:57,1,1,-
DA:58,4
DA:60,0
DA:65,0
BRDA:65,2,0,-
BRDA:65,2,1,-
DA:66,0
BRDA:66,3,0,-
BRDA:66,3,1,-
DA:70,0
DA:72,0
DA:77,0
BRDA:77,4,0,-
BRDA:77,4,1,-
DA:78,0
BRDA:78,5,0,-
BRDA:78,5,1,-
DA:82,0
FN:87,UniswapV2Router02.addLiquidity
FNDA:2,UniswapV2Router02.addLiquidity
DA:103,2
DA:111,2
DA:112,2
DA:113,2
DA:114,2
FN:117,UniswapV2Router02.addLiquidityETH
FNDA:2,UniswapV2Router02.addLiquidityETH
DA:133,2
DA:141,2
DA:142,2
DA:143,2
DA:144,2
DA:146,2
BRDA:146,6,0,-
BRDA:146,6,1,2
DA:147,0
FN:151,UniswapV2Router02.removeLiquidity
FNDA:1,UniswapV2Router02.removeLiquidity
DA:166,2
DA:167,2
DA:168,2
DA:169,2
DA:170,2
DA:173,2
BRDA:173,7,0,-
BRDA:173,7,1,2
DA:177,2
BRDA:177,8,0,-
BRDA:177,8,1,2
FN:183,UniswapV2Router02.removeLiquidityETH
FNDA:1,UniswapV2Router02.removeLiquidityETH
DA:197,1
DA:206,1
DA:207,1
FN:210,UniswapV2Router02.removeLiquidityWithPermit
FNDA:0,UniswapV2Router02.removeLiquidityWithPermit
DA:223,0
DA:224,0
DA:225,0
DA:234,0
FN:245,UniswapV2Router02.removeLiquidityETHWithPermit
FNDA:0,UniswapV2Router02.removeLiquidityETHWithPermit
DA:262,0
DA:263,0
DA:264,0
DA:273,0
FN:284,UniswapV2Router02.removeLiquidityETHSupportingFeeOnTransferTokens
FNDA:0,UniswapV2Router02.removeLiquidityETHSupportingFeeOnTransferTokens
DA:292,0
DA:301,0
DA:306,0
DA:307,0
FN:310,UniswapV2Router02.removeLiquidityETHWithPermitSupportingFeeOnTransferTokens
FNDA:0,UniswapV2Router02.removeLiquidityETHWithPermitSupportingFeeOnTransferTokens
DA:322,0
DA:323,0
DA:324,0
DA:333,0
FN:345,UniswapV2Router02._swap
FNDA:0,UniswapV2Router02._swap
DA:350,0
DA:351,0
DA:352,0
DA:353,0
DA:354,0
DA:357,0
DA:360,0
FN:369,UniswapV2Router02.swapExactTokensForTokens
FNDA:0,UniswapV2Router02.swapExactTokensForTokens
DA:382,0
DA:383,0
BRDA:383,9,0,-
BRDA:383,9,1,-
DA:387,0
DA:393,0
FN:396,UniswapV2Router02.swapTokensForExactTokens
FNDA:0,UniswapV2Router02.swapTokensForExactTokens
DA:409,0
DA:410,0
BRDA:410,10,0,-
BRDA:410,10,1,-
DA:414,0
DA:420,0
FN:423,UniswapV2Router02.swapExactETHForTokens
FNDA:0,UniswapV2Router02.swapExactETHForTokens
DA:437,0
BRDA:437,11,0,-
BRDA:437,11,1,-
DA:438,0
DA:439,0
BRDA:439,12,0,-
BRDA:439,12,1,-
DA:443,0
DA:449,0
FN:452,UniswapV2Router02.swapTokensForExactETH
FNDA:0,UniswapV2Router02.swapTokensForExactETH
DA:465,0
BRDA:465,13,0,-
BRDA:465,13,1,-
DA:466,0
DA:467,0
BRDA:467,14,0,-
BRDA:467,14,1,-
DA:471,0
DA:477,0
DA:478,0
FN:486,UniswapV2Router02.swapExactTokensForETH
FNDA:0,UniswapV2Router02.swapExactTokensForETH
DA:499,0
BRDA:499,15,0,-
BRDA:499,15,1,-
DA:500,0
DA:501,0
BRDA:501,16,0,-
BRDA:501,16,1,-
DA:505,0
DA:511,0
DA:512,0
FN:520,UniswapV2Router02.swapETHForExactTokens
FNDA:0,UniswapV2Router02.swapETHForExactTokens
DA:534,0
BRDA:534,17,0,-
BRDA:534,17,1,-
DA:535,0
DA:536,0
BRDA:536,18,0,-
BRDA:536,18,1,-
DA:540,0
DA:546,0
DA:548,0
BRDA:548,19,0,-
BRDA:548,19,1,-
DA:549,0
FN:560,UniswapV2Router02._swapSupportingFeeOnTransferTokens
FNDA:0,UniswapV2Router02._swapSupportingFeeOnTransferTokens
DA:564,0
DA:565,0
DA:566,0
DA:567,0
DA:570,0
DA:571,0
DA:574,0
DA:575,0
DA:578,0
DA:581,0
DA:587,0
DA:590,0
DA:593,0
FN:597,UniswapV2Router02.swapExactTokensForTokensSupportingFeeOnTransferTokens
FNDA:0,UniswapV2Router02.swapExactTokensForTokensSupportingFeeOnTransferTokens
DA:604,0
DA:610,0
DA:611,0
DA:612,0
BRDA:612,20,0,-
BRDA:612,20,1,-
FN:619,UniswapV2Router02.swapExactETHForTokensSupportingFeeOnTransferTokens
FNDA:0,UniswapV2Router02.swapExactETHForTokensSupportingFeeOnTransferTokens
DA:625,0
BRDA:625,21,0,-
BRDA:625,21,1,-
DA:626,0
DA:627,0
DA:628,0
BRDA:628,22,0,-
BRDA:628,22,1,-
DA:631,0
DA:632,0
DA:633,0
BRDA:633,23,0,-
BRDA:633,23,1,-
FN:640,UniswapV2Router02.swapExactTokensForETHSupportingFeeOnTransferTokens
FNDA:0,UniswapV2Router02.swapExactTokensForETHSupportingFeeOnTransferTokens
DA:647,0
BRDA:647,24,0,-
BRDA:647,24,1,-
DA:648,0
DA:654,0
DA:655,0
DA:656,0
BRDA:656,25,0,-
BRDA:656,25,1,-
DA:660,0
DA:661,0
FNF:21
FNH:6
LF:122
LH:26
BRF:52
BRH:4
end_of_record
TN:
SF:src/libraries/Math.sol
FN:5,Math.min
FNDA:1,Math.min
DA:6,1
FN:10,Math.sqrt
FNDA:13,Math.sqrt
DA:11,13
BRDA:11,0,0,644
BRDA:11,0,1,13
DA:12,13
DA:13,13
DA:14,657
DA:15,644
DA:16,644
DA:18,0
BRDA:18,1,0,-
BRDA:18,1,1,-
DA:19,0
FNF:2
FNH:2
LF:9
LH:7
BRF:4
BRH:2
end_of_record
TN:
SF:src/libraries/SafeMath.sol
FN:7,SafeMath.add
FNDA:0,SafeMath.add
DA:8,0
BRDA:8,0,0,-
BRDA:8,0,1,-
FN:11,SafeMath.sub
FNDA:0,SafeMath.sub
DA:12,0
BRDA:12,1,0,-
BRDA:12,1,1,-
FN:15,SafeMath.mul
FNDA:0,SafeMath.mul
DA:16,0
BRDA:16,2,0,-
BRDA:16,2,1,-
FNF:3
FNH:0
LF:3
LH:0
BRF:6
BRH:0
end_of_record
TN:
SF:src/libraries/TransferHelper.sol
FN:6,TransferHelper.safeApprove
FNDA:0,TransferHelper.safeApprove
DA:8,0
DA:11,0
BRDA:11,0,0,-
BRDA:11,0,1,-
FN:17,TransferHelper.safeTransfer
FNDA:2,TransferHelper.safeTransfer
DA:19,2
DA:22,2
BRDA:22,1,0,-
BRDA:22,1,1,2
FN:28,TransferHelper.safeTransferFrom
FNDA:8,TransferHelper.safeTransferFrom
DA:35,8
DA:38,8
BRDA:38,2,0,-
BRDA:38,2,1,8
FN:44,TransferHelper.safeTransferETH
FNDA:0,TransferHelper.safeTransferETH
DA:45,0
DA:46,0
BRDA:46,3,0,-
BRDA:46,3,1,-
FNF:4
FNH:2
LF:8
LH:4
BRF:8
BRH:2
end_of_record
TN:
SF:src/libraries/UQ112x112.sol
FN:13,UQ112x112.encode
FNDA:0,UQ112x112.encode
DA:14,0
FN:18,UQ112x112.uqdiv
FNDA:0,UQ112x112.uqdiv
DA:19,0
FNF:2
FNH:0
LF:2
LH:0
BRF:0
BRH:0
end_of_record
TN:
SF:src/libraries/UniswapV2Library.sol
FN:11,UniswapV2Library.sortTokens
FNDA:2,UniswapV2Library.sortTokens
DA:15,2
BRDA:15,0,0,-
BRDA:15,0,1,2
DA:16,2
DA:19,2
BRDA:19,1,0,-
BRDA:19,1,1,2
FN:23,UniswapV2Library.pairFor
FNDA:0,UniswapV2Library.pairFor
DA:28,0
DA:29,0
FN:46,UniswapV2Library.getReserves
FNDA:0,UniswapV2Library.getReserves
DA:51,0
DA:52,0
DA:55,0
FN:61,UniswapV2Library.quote
FNDA:0,UniswapV2Library.quote
DA:66,0
BRDA:66,2,0,-
BRDA:66,2,1,-
DA:67,0
BRDA:67,3,0,-
BRDA:67,3,1,-
DA:71,0
FN:75,UniswapV2Library.getAmountOut
FNDA:0,UniswapV2Library.getAmountOut
DA:80,0
BRDA:80,4,0,-
BRDA:80,4,1,-
DA:81,0
BRDA:81,5,0,-
BRDA:81,5,1,-
DA:85,0
DA:86,0
DA:87,0
DA:88,0
FN:92,UniswapV2Library.getAmountIn
FNDA:0,UniswapV2Library.getAmountIn
DA:97,0
BRDA:97,6,0,-
BRDA:97,6,1,-
DA:98,0
BRDA:98,7,0,-
BRDA:98,7,1,-
DA:102,0
DA:103,0
DA:104,0
FN:108,UniswapV2Library.getAmountsOut
FNDA:0,UniswapV2Library.getAmountsOut
DA:113,0
BRDA:113,8,0,-
BRDA:113,8,1,-
DA:114,0
DA:115,0
DA:116,0
DA:117,0
DA:122,0
FN:127,UniswapV2Library.getAmountsIn
FNDA:0,UniswapV2Library.getAmountsIn
DA:132,0
BRDA:132,9,0,-
BRDA:132,9,1,-
DA:133,0
DA:134,0
DA:135,0
DA:136,0
DA:141,0
FNF:8
FNH:1
LF:34
LH:3
BRF:20
BRH:2
end_of_record
